0 info it worked if it ends with ok
1 verbose cli [ '/usr/local/Cellar/node4-lts/4.2.3/bin/node',
1 verbose cli   '/usr/local/bin/npm',
1 verbose cli   'run',
1 verbose cli   'dev' ]
2 info using npm@3.6.0
3 info using node@v4.2.3
4 verbose run-script [ 'predev', 'dev', 'postdev' ]
5 info lifecycle sticky-board@1.0.0~predev: sticky-board@1.0.0
6 silly lifecycle sticky-board@1.0.0~predev: no script for predev, continuing
7 info lifecycle sticky-board@1.0.0~dev: sticky-board@1.0.0
8 verbose lifecycle sticky-board@1.0.0~dev: unsafe-perm in lifecycle true
9 verbose lifecycle sticky-board@1.0.0~dev: PATH: /usr/local/lib/node_modules/npm/bin/node-gyp-bin:/Users/mlawrie/apps/sticky-board/node_modules/.bin:/usr/local/heroku/bin:/Users/mlawrie/.rbenv/shims:/Users/mlawrie/.rbenv/bin:/Users/mlawrie/.gem/ruby/2.2.0/bin:/usr/local/bin:/usr/bin:/bin:/usr/sbin:/sbin:/Users/mlawrie/bin
10 verbose lifecycle sticky-board@1.0.0~dev: CWD: /Users/mlawrie/apps/sticky-board
11 silly lifecycle sticky-board@1.0.0~dev: Args: [ '-c',
11 silly lifecycle   'NODE_ENV=development webpack-dev-server -d --inline --hot --progress --no-info' ]
12 silly lifecycle sticky-board@1.0.0~dev: Returned: code: 1  signal: null
13 info lifecycle sticky-board@1.0.0~dev: Failed to exec dev script
14 verbose stack Error: sticky-board@1.0.0 dev: `NODE_ENV=development webpack-dev-server -d --inline --hot --progress --no-info`
14 verbose stack Exit status 1
14 verbose stack     at EventEmitter.<anonymous> (/usr/local/lib/node_modules/npm/lib/utils/lifecycle.js:232:16)
14 verbose stack     at emitTwo (events.js:87:13)
14 verbose stack     at EventEmitter.emit (events.js:172:7)
14 verbose stack     at ChildProcess.<anonymous> (/usr/local/lib/node_modules/npm/lib/utils/spawn.js:24:14)
14 verbose stack     at emitTwo (events.js:87:13)
14 verbose stack     at ChildProcess.emit (events.js:172:7)
14 verbose stack     at maybeClose (internal/child_process.js:818:16)
14 verbose stack     at Process.ChildProcess._handle.onexit (internal/child_process.js:211:5)
15 verbose pkgid sticky-board@1.0.0
16 verbose cwd /Users/mlawrie/apps/sticky-board
17 error Darwin 15.4.0
18 error argv "/usr/local/Cellar/node4-lts/4.2.3/bin/node" "/usr/local/bin/npm" "run" "dev"
19 error node v4.2.3
20 error npm  v3.6.0
21 error code ELIFECYCLE
22 error sticky-board@1.0.0 dev: `NODE_ENV=development webpack-dev-server -d --inline --hot --progress --no-info`
22 error Exit status 1
23 error Failed at the sticky-board@1.0.0 dev script 'NODE_ENV=development webpack-dev-server -d --inline --hot --progress --no-info'.
23 error Make sure you have the latest version of node.js and npm installed.
23 error If you do, this is most likely a problem with the sticky-board package,
23 error not with npm itself.
23 error Tell the author that this fails on your system:
23 error     NODE_ENV=development webpack-dev-server -d --inline --hot --progress --no-info
23 error You can get information on how to open an issue for this project with:
23 error     npm bugs sticky-board
23 error Or if that isn't available, you can get their info via:
23 error     npm owner ls sticky-board
23 error There is likely additional logging output above.
24 verbose exit [ 1, true ]
